<?xml version="1.0" encoding="UTF-8"?>
<!-- Generated by org.testng.reporters.JUnitXMLReporter -->
<testsuite ignored="0" hostname="LIN24009967" failures="1" tests="2" name="chromeTest" time="28.677" errors="0" timestamp="2024-07-05T13:20:20 IST">
  <testcase classname="testCases.TC001_VerifyAccountRegistrationPage" name="verify_account_registration" time="2.65"/>
  <testcase classname="testCases.TC002_LoginTest" name="verify_login" time="12.193">
    <failure type="java.lang.AssertionError" message="expected [true] but found [false]">
      <![CDATA[java.lang.AssertionError: expected [true] but found [false]
at testCases.TC002_LoginTest.verify_login(TC002_LoginTest.java:33)
at java.base/java.util.ArrayList.forEach(ArrayList.java:1511)
... Removed 31 stack frames]]>
    </failure>
  </testcase> <!-- verify_login -->
</testsuite> <!-- chromeTest -->
